ARM GAS  C:\Users\ncer\AppData\Local\Temp\cc128TIh.s 			page 1


   1              		.cpu cortex-m4
   2              		.eabi_attribute 27, 1
   3              		.eabi_attribute 28, 1
   4              		.eabi_attribute 20, 1
   5              		.eabi_attribute 21, 1
   6              		.eabi_attribute 23, 3
   7              		.eabi_attribute 24, 1
   8              		.eabi_attribute 25, 1
   9              		.eabi_attribute 26, 1
  10              		.eabi_attribute 30, 1
  11              		.eabi_attribute 34, 1
  12              		.eabi_attribute 18, 4
  13              		.file	"spi.c"
  14              		.text
  15              	.Ltext0:
  16              		.cfi_sections	.debug_frame
  17              		.section	.text.MX_SPI3_Init,"ax",%progbits
  18              		.align	1
  19              		.global	MX_SPI3_Init
  20              		.arch armv7e-m
  21              		.syntax unified
  22              		.thumb
  23              		.thumb_func
  24              		.fpu fpv4-sp-d16
  26              	MX_SPI3_Init:
  27              	.LFB130:
  28              		.file 1 "Src/spi.c"
   1:Src/spi.c     **** /**
   2:Src/spi.c     ****   ******************************************************************************
   3:Src/spi.c     ****   * File Name          : SPI.c
   4:Src/spi.c     ****   * Description        : This file provides code for the configuration
   5:Src/spi.c     ****   *                      of the SPI instances.
   6:Src/spi.c     ****   ******************************************************************************
   7:Src/spi.c     ****   * @attention
   8:Src/spi.c     ****   *
   9:Src/spi.c     ****   * <h2><center>&copy; Copyright (c) 2020 STMicroelectronics.
  10:Src/spi.c     ****   * All rights reserved.</center></h2>
  11:Src/spi.c     ****   *
  12:Src/spi.c     ****   * This software component is licensed by ST under BSD 3-Clause license,
  13:Src/spi.c     ****   * the "License"; You may not use this file except in compliance with the
  14:Src/spi.c     ****   * License. You may obtain a copy of the License at:
  15:Src/spi.c     ****   *                        opensource.org/licenses/BSD-3-Clause
  16:Src/spi.c     ****   *
  17:Src/spi.c     ****   ******************************************************************************
  18:Src/spi.c     ****   */
  19:Src/spi.c     **** 
  20:Src/spi.c     **** /* Includes ------------------------------------------------------------------*/
  21:Src/spi.c     **** #include "spi.h"
  22:Src/spi.c     **** 
  23:Src/spi.c     **** /* USER CODE BEGIN 0 */
  24:Src/spi.c     **** 
  25:Src/spi.c     **** /* USER CODE END 0 */
  26:Src/spi.c     **** #ifndef ENCODER_SOFT_SPI
  27:Src/spi.c     **** SPI_HandleTypeDef hspi3;
  28:Src/spi.c     **** 
  29:Src/spi.c     **** /* SPI1 init function */
  30:Src/spi.c     **** void MX_SPI3_Init(void)
ARM GAS  C:\Users\ncer\AppData\Local\Temp\cc128TIh.s 			page 2


  31:Src/spi.c     **** {
  29              		.loc 1 31 1 view -0
  30              		.cfi_startproc
  31              		@ args = 0, pretend = 0, frame = 0
  32              		@ frame_needed = 0, uses_anonymous_args = 0
  33 0000 08B5     		push	{r3, lr}
  34              	.LCFI0:
  35              		.cfi_def_cfa_offset 8
  36              		.cfi_offset 3, -8
  37              		.cfi_offset 14, -4
  32:Src/spi.c     **** 
  33:Src/spi.c     ****   hspi3.Instance = SPI3;
  38              		.loc 1 33 3 view .LVU1
  39              		.loc 1 33 18 is_stmt 0 view .LVU2
  40 0002 0F48     		ldr	r0, .L5
  41 0004 0F4B     		ldr	r3, .L5+4
  42 0006 0360     		str	r3, [r0]
  34:Src/spi.c     ****   hspi3.Init.Mode = SPI_MODE_MASTER;
  43              		.loc 1 34 3 is_stmt 1 view .LVU3
  44              		.loc 1 34 19 is_stmt 0 view .LVU4
  45 0008 4FF48273 		mov	r3, #260
  46 000c 4360     		str	r3, [r0, #4]
  35:Src/spi.c     ****   hspi3.Init.Direction = SPI_DIRECTION_2LINES;
  47              		.loc 1 35 3 is_stmt 1 view .LVU5
  48              		.loc 1 35 24 is_stmt 0 view .LVU6
  49 000e 0023     		movs	r3, #0
  50 0010 8360     		str	r3, [r0, #8]
  36:Src/spi.c     ****   hspi3.Init.DataSize = SPI_DATASIZE_16BIT;
  51              		.loc 1 36 3 is_stmt 1 view .LVU7
  52              		.loc 1 36 23 is_stmt 0 view .LVU8
  53 0012 4FF40062 		mov	r2, #2048
  54 0016 C260     		str	r2, [r0, #12]
  37:Src/spi.c     ****   hspi3.Init.CLKPolarity = SPI_POLARITY_LOW;
  55              		.loc 1 37 3 is_stmt 1 view .LVU9
  56              		.loc 1 37 26 is_stmt 0 view .LVU10
  57 0018 0361     		str	r3, [r0, #16]
  38:Src/spi.c     ****   hspi3.Init.CLKPhase = SPI_PHASE_2EDGE;
  58              		.loc 1 38 3 is_stmt 1 view .LVU11
  59              		.loc 1 38 23 is_stmt 0 view .LVU12
  60 001a 0122     		movs	r2, #1
  61 001c 4261     		str	r2, [r0, #20]
  39:Src/spi.c     ****   hspi3.Init.NSS = SPI_NSS_SOFT;
  62              		.loc 1 39 3 is_stmt 1 view .LVU13
  63              		.loc 1 39 18 is_stmt 0 view .LVU14
  64 001e 4FF40072 		mov	r2, #512
  65 0022 8261     		str	r2, [r0, #24]
  40:Src/spi.c     ****   hspi3.Init.BaudRatePrescaler = SPI_BAUDRATEPRESCALER_2;
  66              		.loc 1 40 3 is_stmt 1 view .LVU15
  67              		.loc 1 40 32 is_stmt 0 view .LVU16
  68 0024 C361     		str	r3, [r0, #28]
  41:Src/spi.c     ****   hspi3.Init.FirstBit = SPI_FIRSTBIT_MSB;
  69              		.loc 1 41 3 is_stmt 1 view .LVU17
  70              		.loc 1 41 23 is_stmt 0 view .LVU18
  71 0026 0362     		str	r3, [r0, #32]
  42:Src/spi.c     ****   hspi3.Init.TIMode = SPI_TIMODE_DISABLE;
  72              		.loc 1 42 3 is_stmt 1 view .LVU19
  73              		.loc 1 42 21 is_stmt 0 view .LVU20
ARM GAS  C:\Users\ncer\AppData\Local\Temp\cc128TIh.s 			page 3


  74 0028 4362     		str	r3, [r0, #36]
  43:Src/spi.c     ****   hspi3.Init.CRCCalculation = SPI_CRCCALCULATION_DISABLE;
  75              		.loc 1 43 3 is_stmt 1 view .LVU21
  76              		.loc 1 43 29 is_stmt 0 view .LVU22
  77 002a 8362     		str	r3, [r0, #40]
  44:Src/spi.c     ****   hspi3.Init.CRCPolynomial = 10;
  78              		.loc 1 44 3 is_stmt 1 view .LVU23
  79              		.loc 1 44 28 is_stmt 0 view .LVU24
  80 002c 0A23     		movs	r3, #10
  81 002e C362     		str	r3, [r0, #44]
  45:Src/spi.c     ****   if (HAL_SPI_Init(&hspi3) != HAL_OK)
  82              		.loc 1 45 3 is_stmt 1 view .LVU25
  83              		.loc 1 45 7 is_stmt 0 view .LVU26
  84 0030 FFF7FEFF 		bl	HAL_SPI_Init
  85              	.LVL0:
  86              		.loc 1 45 6 view .LVU27
  87 0034 00B9     		cbnz	r0, .L4
  88              	.L1:
  46:Src/spi.c     ****   {
  47:Src/spi.c     ****     Error_Handler();
  48:Src/spi.c     ****   }
  49:Src/spi.c     **** 
  50:Src/spi.c     **** }
  89              		.loc 1 50 1 view .LVU28
  90 0036 08BD     		pop	{r3, pc}
  91              	.L4:
  47:Src/spi.c     ****   }
  92              		.loc 1 47 5 is_stmt 1 view .LVU29
  93 0038 FFF7FEFF 		bl	Error_Handler
  94              	.LVL1:
  95              		.loc 1 50 1 is_stmt 0 view .LVU30
  96 003c FBE7     		b	.L1
  97              	.L6:
  98 003e 00BF     		.align	2
  99              	.L5:
 100 0040 00000000 		.word	hspi3
 101 0044 003C0040 		.word	1073757184
 102              		.cfi_endproc
 103              	.LFE130:
 105              		.section	.text.HAL_SPI_MspInit,"ax",%progbits
 106              		.align	1
 107              		.global	HAL_SPI_MspInit
 108              		.syntax unified
 109              		.thumb
 110              		.thumb_func
 111              		.fpu fpv4-sp-d16
 113              	HAL_SPI_MspInit:
 114              	.LVL2:
 115              	.LFB131:
  51:Src/spi.c     **** 
  52:Src/spi.c     **** void HAL_SPI_MspInit(SPI_HandleTypeDef* spiHandle)
  53:Src/spi.c     **** {
 116              		.loc 1 53 1 is_stmt 1 view -0
 117              		.cfi_startproc
 118              		@ args = 0, pretend = 0, frame = 32
 119              		@ frame_needed = 0, uses_anonymous_args = 0
 120              		.loc 1 53 1 is_stmt 0 view .LVU32
ARM GAS  C:\Users\ncer\AppData\Local\Temp\cc128TIh.s 			page 4


 121 0000 00B5     		push	{lr}
 122              	.LCFI1:
 123              		.cfi_def_cfa_offset 4
 124              		.cfi_offset 14, -4
 125 0002 89B0     		sub	sp, sp, #36
 126              	.LCFI2:
 127              		.cfi_def_cfa_offset 40
  54:Src/spi.c     **** 
  55:Src/spi.c     ****   GPIO_InitTypeDef GPIO_InitStruct = {0};
 128              		.loc 1 55 3 is_stmt 1 view .LVU33
 129              		.loc 1 55 20 is_stmt 0 view .LVU34
 130 0004 0023     		movs	r3, #0
 131 0006 0393     		str	r3, [sp, #12]
 132 0008 0493     		str	r3, [sp, #16]
 133 000a 0593     		str	r3, [sp, #20]
 134 000c 0693     		str	r3, [sp, #24]
 135 000e 0793     		str	r3, [sp, #28]
  56:Src/spi.c     ****   if(spiHandle->Instance==SPI3)
 136              		.loc 1 56 3 is_stmt 1 view .LVU35
 137              		.loc 1 56 15 is_stmt 0 view .LVU36
 138 0010 0268     		ldr	r2, [r0]
 139              		.loc 1 56 5 view .LVU37
 140 0012 154B     		ldr	r3, .L11
 141 0014 9A42     		cmp	r2, r3
 142 0016 02D0     		beq	.L10
 143              	.LVL3:
 144              	.L7:
  57:Src/spi.c     ****   {
  58:Src/spi.c     ****     __HAL_RCC_SPI3_CLK_ENABLE();
  59:Src/spi.c     ****   
  60:Src/spi.c     ****     __HAL_RCC_GPIOB_CLK_ENABLE();
  61:Src/spi.c     **** 
  62:Src/spi.c     ****     GPIO_InitStruct.Pin = GPIO_PIN_3|GPIO_PIN_4|GPIO_PIN_5;
  63:Src/spi.c     ****     GPIO_InitStruct.Mode = GPIO_MODE_AF_PP;
  64:Src/spi.c     ****     GPIO_InitStruct.Pull = GPIO_NOPULL;
  65:Src/spi.c     ****     GPIO_InitStruct.Speed = GPIO_SPEED_FREQ_VERY_HIGH;
  66:Src/spi.c     ****     GPIO_InitStruct.Alternate = GPIO_AF6_SPI3;
  67:Src/spi.c     ****     HAL_GPIO_Init(GPIOB, &GPIO_InitStruct);
  68:Src/spi.c     ****   }
  69:Src/spi.c     **** }
 145              		.loc 1 69 1 view .LVU38
 146 0018 09B0     		add	sp, sp, #36
 147              	.LCFI3:
 148              		.cfi_remember_state
 149              		.cfi_def_cfa_offset 4
 150              		@ sp needed
 151 001a 5DF804FB 		ldr	pc, [sp], #4
 152              	.LVL4:
 153              	.L10:
 154              	.LCFI4:
 155              		.cfi_restore_state
  58:Src/spi.c     ****   
 156              		.loc 1 58 5 is_stmt 1 view .LVU39
 157              	.LBB2:
  58:Src/spi.c     ****   
 158              		.loc 1 58 5 view .LVU40
 159 001e 0022     		movs	r2, #0
ARM GAS  C:\Users\ncer\AppData\Local\Temp\cc128TIh.s 			page 5


 160 0020 0192     		str	r2, [sp, #4]
  58:Src/spi.c     ****   
 161              		.loc 1 58 5 view .LVU41
 162 0022 03F5FE33 		add	r3, r3, #130048
 163 0026 196C     		ldr	r1, [r3, #64]
 164 0028 41F40041 		orr	r1, r1, #32768
 165 002c 1964     		str	r1, [r3, #64]
  58:Src/spi.c     ****   
 166              		.loc 1 58 5 view .LVU42
 167 002e 196C     		ldr	r1, [r3, #64]
 168 0030 01F40041 		and	r1, r1, #32768
 169 0034 0191     		str	r1, [sp, #4]
  58:Src/spi.c     ****   
 170              		.loc 1 58 5 view .LVU43
 171 0036 0199     		ldr	r1, [sp, #4]
 172              	.LBE2:
  58:Src/spi.c     ****   
 173              		.loc 1 58 5 view .LVU44
  60:Src/spi.c     **** 
 174              		.loc 1 60 5 view .LVU45
 175              	.LBB3:
  60:Src/spi.c     **** 
 176              		.loc 1 60 5 view .LVU46
 177 0038 0292     		str	r2, [sp, #8]
  60:Src/spi.c     **** 
 178              		.loc 1 60 5 view .LVU47
 179 003a 196B     		ldr	r1, [r3, #48]
 180 003c 41F00201 		orr	r1, r1, #2
 181 0040 1963     		str	r1, [r3, #48]
  60:Src/spi.c     **** 
 182              		.loc 1 60 5 view .LVU48
 183 0042 1B6B     		ldr	r3, [r3, #48]
 184 0044 03F00203 		and	r3, r3, #2
 185 0048 0293     		str	r3, [sp, #8]
  60:Src/spi.c     **** 
 186              		.loc 1 60 5 view .LVU49
 187 004a 029B     		ldr	r3, [sp, #8]
 188              	.LBE3:
  60:Src/spi.c     **** 
 189              		.loc 1 60 5 view .LVU50
  62:Src/spi.c     ****     GPIO_InitStruct.Mode = GPIO_MODE_AF_PP;
 190              		.loc 1 62 5 view .LVU51
  62:Src/spi.c     ****     GPIO_InitStruct.Mode = GPIO_MODE_AF_PP;
 191              		.loc 1 62 25 is_stmt 0 view .LVU52
 192 004c 3823     		movs	r3, #56
 193 004e 0393     		str	r3, [sp, #12]
  63:Src/spi.c     ****     GPIO_InitStruct.Pull = GPIO_NOPULL;
 194              		.loc 1 63 5 is_stmt 1 view .LVU53
  63:Src/spi.c     ****     GPIO_InitStruct.Pull = GPIO_NOPULL;
 195              		.loc 1 63 26 is_stmt 0 view .LVU54
 196 0050 0223     		movs	r3, #2
 197 0052 0493     		str	r3, [sp, #16]
  64:Src/spi.c     ****     GPIO_InitStruct.Speed = GPIO_SPEED_FREQ_VERY_HIGH;
 198              		.loc 1 64 5 is_stmt 1 view .LVU55
  64:Src/spi.c     ****     GPIO_InitStruct.Speed = GPIO_SPEED_FREQ_VERY_HIGH;
 199              		.loc 1 64 26 is_stmt 0 view .LVU56
 200 0054 0592     		str	r2, [sp, #20]
ARM GAS  C:\Users\ncer\AppData\Local\Temp\cc128TIh.s 			page 6


  65:Src/spi.c     ****     GPIO_InitStruct.Alternate = GPIO_AF6_SPI3;
 201              		.loc 1 65 5 is_stmt 1 view .LVU57
  65:Src/spi.c     ****     GPIO_InitStruct.Alternate = GPIO_AF6_SPI3;
 202              		.loc 1 65 27 is_stmt 0 view .LVU58
 203 0056 0323     		movs	r3, #3
 204 0058 0693     		str	r3, [sp, #24]
  66:Src/spi.c     ****     HAL_GPIO_Init(GPIOB, &GPIO_InitStruct);
 205              		.loc 1 66 5 is_stmt 1 view .LVU59
  66:Src/spi.c     ****     HAL_GPIO_Init(GPIOB, &GPIO_InitStruct);
 206              		.loc 1 66 31 is_stmt 0 view .LVU60
 207 005a 0623     		movs	r3, #6
 208 005c 0793     		str	r3, [sp, #28]
  67:Src/spi.c     ****   }
 209              		.loc 1 67 5 is_stmt 1 view .LVU61
 210 005e 03A9     		add	r1, sp, #12
 211 0060 0248     		ldr	r0, .L11+4
 212              	.LVL5:
  67:Src/spi.c     ****   }
 213              		.loc 1 67 5 is_stmt 0 view .LVU62
 214 0062 FFF7FEFF 		bl	HAL_GPIO_Init
 215              	.LVL6:
 216              		.loc 1 69 1 view .LVU63
 217 0066 D7E7     		b	.L7
 218              	.L12:
 219              		.align	2
 220              	.L11:
 221 0068 003C0040 		.word	1073757184
 222 006c 00040240 		.word	1073873920
 223              		.cfi_endproc
 224              	.LFE131:
 226              		.section	.text.HAL_SPI_MspDeInit,"ax",%progbits
 227              		.align	1
 228              		.global	HAL_SPI_MspDeInit
 229              		.syntax unified
 230              		.thumb
 231              		.thumb_func
 232              		.fpu fpv4-sp-d16
 234              	HAL_SPI_MspDeInit:
 235              	.LVL7:
 236              	.LFB132:
  70:Src/spi.c     **** 
  71:Src/spi.c     **** void HAL_SPI_MspDeInit(SPI_HandleTypeDef* spiHandle)
  72:Src/spi.c     **** {
 237              		.loc 1 72 1 is_stmt 1 view -0
 238              		.cfi_startproc
 239              		@ args = 0, pretend = 0, frame = 0
 240              		@ frame_needed = 0, uses_anonymous_args = 0
 241              		.loc 1 72 1 is_stmt 0 view .LVU65
 242 0000 08B5     		push	{r3, lr}
 243              	.LCFI5:
 244              		.cfi_def_cfa_offset 8
 245              		.cfi_offset 3, -8
 246              		.cfi_offset 14, -4
  73:Src/spi.c     **** 
  74:Src/spi.c     ****   if(spiHandle->Instance==SPI3)
 247              		.loc 1 74 3 is_stmt 1 view .LVU66
 248              		.loc 1 74 15 is_stmt 0 view .LVU67
ARM GAS  C:\Users\ncer\AppData\Local\Temp\cc128TIh.s 			page 7


 249 0002 0268     		ldr	r2, [r0]
 250              		.loc 1 74 5 view .LVU68
 251 0004 064B     		ldr	r3, .L17
 252 0006 9A42     		cmp	r2, r3
 253 0008 00D0     		beq	.L16
 254              	.LVL8:
 255              	.L13:
  75:Src/spi.c     ****   {
  76:Src/spi.c     ****    __HAL_RCC_SPI3_CLK_DISABLE();
  77:Src/spi.c     ****   
  78:Src/spi.c     ****    HAL_GPIO_DeInit(GPIOB, GPIO_PIN_3|GPIO_PIN_4|GPIO_PIN_5);
  79:Src/spi.c     **** 
  80:Src/spi.c     ****  }
  81:Src/spi.c     **** } 
 256              		.loc 1 81 1 view .LVU69
 257 000a 08BD     		pop	{r3, pc}
 258              	.LVL9:
 259              	.L16:
  76:Src/spi.c     ****   
 260              		.loc 1 76 4 is_stmt 1 view .LVU70
 261 000c 054A     		ldr	r2, .L17+4
 262 000e 136C     		ldr	r3, [r2, #64]
 263 0010 23F40043 		bic	r3, r3, #32768
 264 0014 1364     		str	r3, [r2, #64]
  78:Src/spi.c     **** 
 265              		.loc 1 78 4 view .LVU71
 266 0016 3821     		movs	r1, #56
 267 0018 0348     		ldr	r0, .L17+8
 268              	.LVL10:
  78:Src/spi.c     **** 
 269              		.loc 1 78 4 is_stmt 0 view .LVU72
 270 001a FFF7FEFF 		bl	HAL_GPIO_DeInit
 271              	.LVL11:
 272              		.loc 1 81 1 view .LVU73
 273 001e F4E7     		b	.L13
 274              	.L18:
 275              		.align	2
 276              	.L17:
 277 0020 003C0040 		.word	1073757184
 278 0024 00380240 		.word	1073887232
 279 0028 00040240 		.word	1073873920
 280              		.cfi_endproc
 281              	.LFE132:
 283              		.comm	hspi3,88,4
 284              		.text
 285              	.Letext0:
 286              		.file 2 "c:\\arm_gcc\\arm-none-eabi\\include\\machine\\_default_types.h"
 287              		.file 3 "c:\\arm_gcc\\arm-none-eabi\\include\\sys\\_stdint.h"
 288              		.file 4 "Drivers/CMSIS/Include/core_cm4.h"
 289              		.file 5 "Drivers/CMSIS/Device/ST/STM32F4xx/Include/system_stm32f4xx.h"
 290              		.file 6 "Drivers/CMSIS/Device/ST/STM32F4xx/Include/stm32f405xx.h"
 291              		.file 7 "Drivers/STM32F4xx_HAL_Driver/Inc/stm32f4xx_hal_def.h"
 292              		.file 8 "Drivers/STM32F4xx_HAL_Driver/Inc/stm32f4xx_hal_gpio.h"
 293              		.file 9 "Drivers/STM32F4xx_HAL_Driver/Inc/stm32f4xx_hal_dma.h"
 294              		.file 10 "Drivers/STM32F4xx_HAL_Driver/Inc/stm32f4xx_hal_spi.h"
 295              		.file 11 "Drivers/STM32F4xx_HAL_Driver/Inc/stm32f4xx_hal.h"
 296              		.file 12 "Inc/spi.h"
ARM GAS  C:\Users\ncer\AppData\Local\Temp\cc128TIh.s 			page 8


 297              		.file 13 "Inc/main.h"
ARM GAS  C:\Users\ncer\AppData\Local\Temp\cc128TIh.s 			page 9


DEFINED SYMBOLS
                            *ABS*:00000000 spi.c
C:\Users\ncer\AppData\Local\Temp\cc128TIh.s:18     .text.MX_SPI3_Init:00000000 $t
C:\Users\ncer\AppData\Local\Temp\cc128TIh.s:26     .text.MX_SPI3_Init:00000000 MX_SPI3_Init
C:\Users\ncer\AppData\Local\Temp\cc128TIh.s:100    .text.MX_SPI3_Init:00000040 $d
                            *COM*:00000058 hspi3
C:\Users\ncer\AppData\Local\Temp\cc128TIh.s:106    .text.HAL_SPI_MspInit:00000000 $t
C:\Users\ncer\AppData\Local\Temp\cc128TIh.s:113    .text.HAL_SPI_MspInit:00000000 HAL_SPI_MspInit
C:\Users\ncer\AppData\Local\Temp\cc128TIh.s:221    .text.HAL_SPI_MspInit:00000068 $d
C:\Users\ncer\AppData\Local\Temp\cc128TIh.s:227    .text.HAL_SPI_MspDeInit:00000000 $t
C:\Users\ncer\AppData\Local\Temp\cc128TIh.s:234    .text.HAL_SPI_MspDeInit:00000000 HAL_SPI_MspDeInit
C:\Users\ncer\AppData\Local\Temp\cc128TIh.s:277    .text.HAL_SPI_MspDeInit:00000020 $d

UNDEFINED SYMBOLS
HAL_SPI_Init
Error_Handler
HAL_GPIO_Init
HAL_GPIO_DeInit
