ARM GAS  C:\Users\ncer\AppData\Local\Temp\ccHEHHzm.s 			page 1


   1              		.cpu cortex-m4
   2              		.eabi_attribute 27, 1
   3              		.eabi_attribute 28, 1
   4              		.eabi_attribute 20, 1
   5              		.eabi_attribute 21, 1
   6              		.eabi_attribute 23, 3
   7              		.eabi_attribute 24, 1
   8              		.eabi_attribute 25, 1
   9              		.eabi_attribute 26, 1
  10              		.eabi_attribute 30, 1
  11              		.eabi_attribute 34, 1
  12              		.eabi_attribute 18, 4
  13              		.file	"usart.c"
  14              		.text
  15              	.Ltext0:
  16              		.cfi_sections	.debug_frame
  17              		.section	.text.MX_UART5_Init,"ax",%progbits
  18              		.align	1
  19              		.global	MX_UART5_Init
  20              		.arch armv7e-m
  21              		.syntax unified
  22              		.thumb
  23              		.thumb_func
  24              		.fpu fpv4-sp-d16
  26              	MX_UART5_Init:
  27              	.LFB130:
  28              		.file 1 "Src/usart.c"
   1:Src/usart.c   **** /**
   2:Src/usart.c   ****   ******************************************************************************
   3:Src/usart.c   ****   * File Name          : USART.c
   4:Src/usart.c   ****   * Description        : This file provides code for the configuration
   5:Src/usart.c   ****   *                      of the USART instances.
   6:Src/usart.c   ****   ******************************************************************************
   7:Src/usart.c   ****   * @attention
   8:Src/usart.c   ****   *
   9:Src/usart.c   ****   * <h2><center>&copy; Copyright (c) 2020 STMicroelectronics.
  10:Src/usart.c   ****   * All rights reserved.</center></h2>
  11:Src/usart.c   ****   *
  12:Src/usart.c   ****   * This software component is licensed by ST under BSD 3-Clause license,
  13:Src/usart.c   ****   * the "License"; You may not use this file except in compliance with the
  14:Src/usart.c   ****   * License. You may obtain a copy of the License at:
  15:Src/usart.c   ****   *                        opensource.org/licenses/BSD-3-Clause
  16:Src/usart.c   ****   *
  17:Src/usart.c   ****   ******************************************************************************
  18:Src/usart.c   ****   */
  19:Src/usart.c   **** 
  20:Src/usart.c   **** /* Includes ------------------------------------------------------------------*/
  21:Src/usart.c   **** #include "usart.h"
  22:Src/usart.c   **** 
  23:Src/usart.c   **** /* USER CODE BEGIN 0 */
  24:Src/usart.c   **** 
  25:Src/usart.c   **** /* USER CODE END 0 */
  26:Src/usart.c   **** 
  27:Src/usart.c   **** UART_HandleTypeDef huart5;
  28:Src/usart.c   **** DMA_HandleTypeDef hdma_uart5_rx;
  29:Src/usart.c   **** DMA_HandleTypeDef hdma_uart5_tx;
  30:Src/usart.c   **** 
ARM GAS  C:\Users\ncer\AppData\Local\Temp\ccHEHHzm.s 			page 2


  31:Src/usart.c   **** /* UART5 init function */
  32:Src/usart.c   **** void MX_UART5_Init(void)
  33:Src/usart.c   **** {
  29              		.loc 1 33 1 view -0
  30              		.cfi_startproc
  31              		@ args = 0, pretend = 0, frame = 0
  32              		@ frame_needed = 0, uses_anonymous_args = 0
  33 0000 08B5     		push	{r3, lr}
  34              	.LCFI0:
  35              		.cfi_def_cfa_offset 8
  36              		.cfi_offset 3, -8
  37              		.cfi_offset 14, -4
  34:Src/usart.c   **** 
  35:Src/usart.c   ****   huart5.Instance = UART5;
  38              		.loc 1 35 3 view .LVU1
  39              		.loc 1 35 19 is_stmt 0 view .LVU2
  40 0002 0A48     		ldr	r0, .L5
  41 0004 0A4B     		ldr	r3, .L5+4
  42 0006 0360     		str	r3, [r0]
  36:Src/usart.c   ****   huart5.Init.BaudRate = 115200;//115200;
  43              		.loc 1 36 3 is_stmt 1 view .LVU3
  44              		.loc 1 36 24 is_stmt 0 view .LVU4
  45 0008 4FF4E133 		mov	r3, #115200
  46 000c 4360     		str	r3, [r0, #4]
  37:Src/usart.c   ****   huart5.Init.WordLength = UART_WORDLENGTH_8B;
  47              		.loc 1 37 3 is_stmt 1 view .LVU5
  48              		.loc 1 37 26 is_stmt 0 view .LVU6
  49 000e 0023     		movs	r3, #0
  50 0010 8360     		str	r3, [r0, #8]
  38:Src/usart.c   ****   huart5.Init.StopBits = UART_STOPBITS_1;
  51              		.loc 1 38 3 is_stmt 1 view .LVU7
  52              		.loc 1 38 24 is_stmt 0 view .LVU8
  53 0012 C360     		str	r3, [r0, #12]
  39:Src/usart.c   ****   huart5.Init.Parity = UART_PARITY_NONE;
  54              		.loc 1 39 3 is_stmt 1 view .LVU9
  55              		.loc 1 39 22 is_stmt 0 view .LVU10
  56 0014 0361     		str	r3, [r0, #16]
  40:Src/usart.c   ****   huart5.Init.Mode = UART_MODE_TX_RX;
  57              		.loc 1 40 3 is_stmt 1 view .LVU11
  58              		.loc 1 40 20 is_stmt 0 view .LVU12
  59 0016 0C22     		movs	r2, #12
  60 0018 4261     		str	r2, [r0, #20]
  41:Src/usart.c   ****   huart5.Init.HwFlowCtl = UART_HWCONTROL_NONE;
  61              		.loc 1 41 3 is_stmt 1 view .LVU13
  62              		.loc 1 41 25 is_stmt 0 view .LVU14
  63 001a 8361     		str	r3, [r0, #24]
  42:Src/usart.c   ****   huart5.Init.OverSampling = UART_OVERSAMPLING_16;
  64              		.loc 1 42 3 is_stmt 1 view .LVU15
  65              		.loc 1 42 28 is_stmt 0 view .LVU16
  66 001c C361     		str	r3, [r0, #28]
  43:Src/usart.c   ****   if (HAL_UART_Init(&huart5) != HAL_OK)
  67              		.loc 1 43 3 is_stmt 1 view .LVU17
  68              		.loc 1 43 7 is_stmt 0 view .LVU18
  69 001e FFF7FEFF 		bl	HAL_UART_Init
  70              	.LVL0:
  71              		.loc 1 43 6 view .LVU19
  72 0022 00B9     		cbnz	r0, .L4
ARM GAS  C:\Users\ncer\AppData\Local\Temp\ccHEHHzm.s 			page 3


  73              	.L1:
  44:Src/usart.c   ****   {
  45:Src/usart.c   ****     Error_Handler();
  46:Src/usart.c   ****   }
  47:Src/usart.c   **** 
  48:Src/usart.c   **** }
  74              		.loc 1 48 1 view .LVU20
  75 0024 08BD     		pop	{r3, pc}
  76              	.L4:
  45:Src/usart.c   ****   }
  77              		.loc 1 45 5 is_stmt 1 view .LVU21
  78 0026 FFF7FEFF 		bl	Error_Handler
  79              	.LVL1:
  80              		.loc 1 48 1 is_stmt 0 view .LVU22
  81 002a FBE7     		b	.L1
  82              	.L6:
  83              		.align	2
  84              	.L5:
  85 002c 00000000 		.word	huart5
  86 0030 00500040 		.word	1073762304
  87              		.cfi_endproc
  88              	.LFE130:
  90              		.section	.text.HAL_UART_MspInit,"ax",%progbits
  91              		.align	1
  92              		.global	HAL_UART_MspInit
  93              		.syntax unified
  94              		.thumb
  95              		.thumb_func
  96              		.fpu fpv4-sp-d16
  98              	HAL_UART_MspInit:
  99              	.LVL2:
 100              	.LFB131:
  49:Src/usart.c   **** 
  50:Src/usart.c   **** void HAL_UART_MspInit(UART_HandleTypeDef* uartHandle)
  51:Src/usart.c   **** {
 101              		.loc 1 51 1 is_stmt 1 view -0
 102              		.cfi_startproc
 103              		@ args = 0, pretend = 0, frame = 32
 104              		@ frame_needed = 0, uses_anonymous_args = 0
 105              		.loc 1 51 1 is_stmt 0 view .LVU24
 106 0000 2DE9F043 		push	{r4, r5, r6, r7, r8, r9, lr}
 107              	.LCFI1:
 108              		.cfi_def_cfa_offset 28
 109              		.cfi_offset 4, -28
 110              		.cfi_offset 5, -24
 111              		.cfi_offset 6, -20
 112              		.cfi_offset 7, -16
 113              		.cfi_offset 8, -12
 114              		.cfi_offset 9, -8
 115              		.cfi_offset 14, -4
 116 0004 89B0     		sub	sp, sp, #36
 117              	.LCFI2:
 118              		.cfi_def_cfa_offset 64
  52:Src/usart.c   **** 
  53:Src/usart.c   ****   GPIO_InitTypeDef GPIO_InitStruct = {0};
 119              		.loc 1 53 3 is_stmt 1 view .LVU25
 120              		.loc 1 53 20 is_stmt 0 view .LVU26
ARM GAS  C:\Users\ncer\AppData\Local\Temp\ccHEHHzm.s 			page 4


 121 0006 0023     		movs	r3, #0
 122 0008 0393     		str	r3, [sp, #12]
 123 000a 0493     		str	r3, [sp, #16]
 124 000c 0593     		str	r3, [sp, #20]
 125 000e 0693     		str	r3, [sp, #24]
 126 0010 0793     		str	r3, [sp, #28]
  54:Src/usart.c   ****   if(uartHandle->Instance==UART5)
 127              		.loc 1 54 3 is_stmt 1 view .LVU27
 128              		.loc 1 54 16 is_stmt 0 view .LVU28
 129 0012 0268     		ldr	r2, [r0]
 130              		.loc 1 54 5 view .LVU29
 131 0014 414B     		ldr	r3, .L15
 132 0016 9A42     		cmp	r2, r3
 133 0018 02D0     		beq	.L12
 134              	.LVL3:
 135              	.L7:
  55:Src/usart.c   ****   {
  56:Src/usart.c   ****   /* USER CODE BEGIN UART5_MspInit 0 */
  57:Src/usart.c   **** 
  58:Src/usart.c   ****   /* USER CODE END UART5_MspInit 0 */
  59:Src/usart.c   ****     /* UART5 clock enable */
  60:Src/usart.c   ****     __HAL_RCC_UART5_CLK_ENABLE();
  61:Src/usart.c   ****   
  62:Src/usart.c   ****     __HAL_RCC_GPIOC_CLK_ENABLE();
  63:Src/usart.c   ****     __HAL_RCC_GPIOD_CLK_ENABLE();
  64:Src/usart.c   ****     /**UART5 GPIO Configuration    
  65:Src/usart.c   ****     PC12     ------> UART5_TX
  66:Src/usart.c   ****     PD2     ------> UART5_RX 
  67:Src/usart.c   ****     */
  68:Src/usart.c   ****     GPIO_InitStruct.Pin = GPIO_PIN_12;
  69:Src/usart.c   ****     GPIO_InitStruct.Mode = GPIO_MODE_AF_PP;
  70:Src/usart.c   ****     GPIO_InitStruct.Pull = GPIO_PULLUP;
  71:Src/usart.c   ****     GPIO_InitStruct.Speed = GPIO_SPEED_FREQ_VERY_HIGH;
  72:Src/usart.c   ****     GPIO_InitStruct.Alternate = GPIO_AF8_UART5;
  73:Src/usart.c   ****     HAL_GPIO_Init(GPIOC, &GPIO_InitStruct);
  74:Src/usart.c   **** 
  75:Src/usart.c   ****     GPIO_InitStruct.Pin = GPIO_PIN_2;
  76:Src/usart.c   ****     GPIO_InitStruct.Mode = GPIO_MODE_AF_PP;
  77:Src/usart.c   ****     GPIO_InitStruct.Pull = GPIO_PULLUP;
  78:Src/usart.c   ****     GPIO_InitStruct.Speed = GPIO_SPEED_FREQ_VERY_HIGH;
  79:Src/usart.c   ****     GPIO_InitStruct.Alternate = GPIO_AF8_UART5;
  80:Src/usart.c   ****     HAL_GPIO_Init(GPIOD, &GPIO_InitStruct);
  81:Src/usart.c   **** 
  82:Src/usart.c   ****     /* UART5 DMA Init */
  83:Src/usart.c   ****     /* UART5_RX Init */
  84:Src/usart.c   ****     hdma_uart5_rx.Instance = DMA1_Stream0;
  85:Src/usart.c   ****     hdma_uart5_rx.Init.Channel = DMA_CHANNEL_4;
  86:Src/usart.c   ****     hdma_uart5_rx.Init.Direction = DMA_PERIPH_TO_MEMORY;
  87:Src/usart.c   ****     hdma_uart5_rx.Init.PeriphInc = DMA_PINC_DISABLE;
  88:Src/usart.c   ****     hdma_uart5_rx.Init.MemInc = DMA_MINC_ENABLE;
  89:Src/usart.c   ****     hdma_uart5_rx.Init.PeriphDataAlignment = DMA_PDATAALIGN_BYTE;
  90:Src/usart.c   ****     hdma_uart5_rx.Init.MemDataAlignment = DMA_MDATAALIGN_BYTE;
  91:Src/usart.c   ****     hdma_uart5_rx.Init.Mode = DMA_NORMAL;
  92:Src/usart.c   ****     hdma_uart5_rx.Init.Priority = DMA_PRIORITY_LOW;
  93:Src/usart.c   ****     hdma_uart5_rx.Init.FIFOMode = DMA_FIFOMODE_DISABLE;
  94:Src/usart.c   ****     if (HAL_DMA_Init(&hdma_uart5_rx) != HAL_OK)
  95:Src/usart.c   ****     {
ARM GAS  C:\Users\ncer\AppData\Local\Temp\ccHEHHzm.s 			page 5


  96:Src/usart.c   ****       Error_Handler();
  97:Src/usart.c   ****     }
  98:Src/usart.c   **** 
  99:Src/usart.c   ****     __HAL_LINKDMA(uartHandle,hdmarx,hdma_uart5_rx);
 100:Src/usart.c   **** 
 101:Src/usart.c   ****     /* UART5_TX Init */
 102:Src/usart.c   ****     hdma_uart5_tx.Instance = DMA1_Stream7;
 103:Src/usart.c   ****     hdma_uart5_tx.Init.Channel = DMA_CHANNEL_4;
 104:Src/usart.c   ****     hdma_uart5_tx.Init.Direction = DMA_MEMORY_TO_PERIPH;
 105:Src/usart.c   ****     hdma_uart5_tx.Init.PeriphInc = DMA_PINC_DISABLE;
 106:Src/usart.c   ****     hdma_uart5_tx.Init.MemInc = DMA_MINC_ENABLE;
 107:Src/usart.c   ****     hdma_uart5_tx.Init.PeriphDataAlignment = DMA_PDATAALIGN_BYTE;
 108:Src/usart.c   ****     hdma_uart5_tx.Init.MemDataAlignment = DMA_MDATAALIGN_BYTE;
 109:Src/usart.c   ****     hdma_uart5_tx.Init.Mode = DMA_NORMAL;
 110:Src/usart.c   ****     hdma_uart5_tx.Init.Priority = DMA_PRIORITY_LOW;
 111:Src/usart.c   ****     hdma_uart5_tx.Init.FIFOMode = DMA_FIFOMODE_DISABLE;
 112:Src/usart.c   ****     if (HAL_DMA_Init(&hdma_uart5_tx) != HAL_OK)
 113:Src/usart.c   ****     {
 114:Src/usart.c   ****       Error_Handler();
 115:Src/usart.c   ****     }
 116:Src/usart.c   **** 
 117:Src/usart.c   ****     __HAL_LINKDMA(uartHandle,hdmatx,hdma_uart5_tx);
 118:Src/usart.c   **** 
 119:Src/usart.c   ****     /* UART5 interrupt Init */
 120:Src/usart.c   ****     HAL_NVIC_SetPriority(UART5_IRQn, 2, 0);
 121:Src/usart.c   ****     HAL_NVIC_EnableIRQ(UART5_IRQn);
 122:Src/usart.c   ****   /* USER CODE BEGIN UART5_MspInit 1 */
 123:Src/usart.c   **** 
 124:Src/usart.c   ****   /* USER CODE END UART5_MspInit 1 */
 125:Src/usart.c   ****   }
 126:Src/usart.c   **** }
 136              		.loc 1 126 1 view .LVU30
 137 001a 09B0     		add	sp, sp, #36
 138              	.LCFI3:
 139              		.cfi_remember_state
 140              		.cfi_def_cfa_offset 28
 141              		@ sp needed
 142 001c BDE8F083 		pop	{r4, r5, r6, r7, r8, r9, pc}
 143              	.LVL4:
 144              	.L12:
 145              	.LCFI4:
 146              		.cfi_restore_state
 147              		.loc 1 126 1 view .LVU31
 148 0020 0446     		mov	r4, r0
  60:Src/usart.c   ****   
 149              		.loc 1 60 5 is_stmt 1 view .LVU32
 150              	.LBB2:
  60:Src/usart.c   ****   
 151              		.loc 1 60 5 view .LVU33
 152 0022 0025     		movs	r5, #0
 153 0024 0095     		str	r5, [sp]
  60:Src/usart.c   ****   
 154              		.loc 1 60 5 view .LVU34
 155 0026 03F5F433 		add	r3, r3, #124928
 156 002a 1A6C     		ldr	r2, [r3, #64]
 157 002c 42F48012 		orr	r2, r2, #1048576
 158 0030 1A64     		str	r2, [r3, #64]
ARM GAS  C:\Users\ncer\AppData\Local\Temp\ccHEHHzm.s 			page 6


  60:Src/usart.c   ****   
 159              		.loc 1 60 5 view .LVU35
 160 0032 1A6C     		ldr	r2, [r3, #64]
 161 0034 02F48012 		and	r2, r2, #1048576
 162 0038 0092     		str	r2, [sp]
  60:Src/usart.c   ****   
 163              		.loc 1 60 5 view .LVU36
 164 003a 009A     		ldr	r2, [sp]
 165              	.LBE2:
  60:Src/usart.c   ****   
 166              		.loc 1 60 5 view .LVU37
  62:Src/usart.c   ****     __HAL_RCC_GPIOD_CLK_ENABLE();
 167              		.loc 1 62 5 view .LVU38
 168              	.LBB3:
  62:Src/usart.c   ****     __HAL_RCC_GPIOD_CLK_ENABLE();
 169              		.loc 1 62 5 view .LVU39
 170 003c 0195     		str	r5, [sp, #4]
  62:Src/usart.c   ****     __HAL_RCC_GPIOD_CLK_ENABLE();
 171              		.loc 1 62 5 view .LVU40
 172 003e 1A6B     		ldr	r2, [r3, #48]
 173 0040 42F00402 		orr	r2, r2, #4
 174 0044 1A63     		str	r2, [r3, #48]
  62:Src/usart.c   ****     __HAL_RCC_GPIOD_CLK_ENABLE();
 175              		.loc 1 62 5 view .LVU41
 176 0046 1A6B     		ldr	r2, [r3, #48]
 177 0048 02F00402 		and	r2, r2, #4
 178 004c 0192     		str	r2, [sp, #4]
  62:Src/usart.c   ****     __HAL_RCC_GPIOD_CLK_ENABLE();
 179              		.loc 1 62 5 view .LVU42
 180 004e 019A     		ldr	r2, [sp, #4]
 181              	.LBE3:
  62:Src/usart.c   ****     __HAL_RCC_GPIOD_CLK_ENABLE();
 182              		.loc 1 62 5 view .LVU43
  63:Src/usart.c   ****     /**UART5 GPIO Configuration    
 183              		.loc 1 63 5 view .LVU44
 184              	.LBB4:
  63:Src/usart.c   ****     /**UART5 GPIO Configuration    
 185              		.loc 1 63 5 view .LVU45
 186 0050 0295     		str	r5, [sp, #8]
  63:Src/usart.c   ****     /**UART5 GPIO Configuration    
 187              		.loc 1 63 5 view .LVU46
 188 0052 1A6B     		ldr	r2, [r3, #48]
 189 0054 42F00802 		orr	r2, r2, #8
 190 0058 1A63     		str	r2, [r3, #48]
  63:Src/usart.c   ****     /**UART5 GPIO Configuration    
 191              		.loc 1 63 5 view .LVU47
 192 005a 1B6B     		ldr	r3, [r3, #48]
 193 005c 03F00803 		and	r3, r3, #8
 194 0060 0293     		str	r3, [sp, #8]
  63:Src/usart.c   ****     /**UART5 GPIO Configuration    
 195              		.loc 1 63 5 view .LVU48
 196 0062 029B     		ldr	r3, [sp, #8]
 197              	.LBE4:
  63:Src/usart.c   ****     /**UART5 GPIO Configuration    
 198              		.loc 1 63 5 view .LVU49
  68:Src/usart.c   ****     GPIO_InitStruct.Mode = GPIO_MODE_AF_PP;
 199              		.loc 1 68 5 view .LVU50
ARM GAS  C:\Users\ncer\AppData\Local\Temp\ccHEHHzm.s 			page 7


  68:Src/usart.c   ****     GPIO_InitStruct.Mode = GPIO_MODE_AF_PP;
 200              		.loc 1 68 25 is_stmt 0 view .LVU51
 201 0064 4FF48053 		mov	r3, #4096
 202 0068 0393     		str	r3, [sp, #12]
  69:Src/usart.c   ****     GPIO_InitStruct.Pull = GPIO_PULLUP;
 203              		.loc 1 69 5 is_stmt 1 view .LVU52
  69:Src/usart.c   ****     GPIO_InitStruct.Pull = GPIO_PULLUP;
 204              		.loc 1 69 26 is_stmt 0 view .LVU53
 205 006a 4FF00209 		mov	r9, #2
 206 006e CDF81090 		str	r9, [sp, #16]
  70:Src/usart.c   ****     GPIO_InitStruct.Speed = GPIO_SPEED_FREQ_VERY_HIGH;
 207              		.loc 1 70 5 is_stmt 1 view .LVU54
  70:Src/usart.c   ****     GPIO_InitStruct.Speed = GPIO_SPEED_FREQ_VERY_HIGH;
 208              		.loc 1 70 26 is_stmt 0 view .LVU55
 209 0072 4FF00108 		mov	r8, #1
 210 0076 CDF81480 		str	r8, [sp, #20]
  71:Src/usart.c   ****     GPIO_InitStruct.Alternate = GPIO_AF8_UART5;
 211              		.loc 1 71 5 is_stmt 1 view .LVU56
  71:Src/usart.c   ****     GPIO_InitStruct.Alternate = GPIO_AF8_UART5;
 212              		.loc 1 71 27 is_stmt 0 view .LVU57
 213 007a 0327     		movs	r7, #3
 214 007c 0697     		str	r7, [sp, #24]
  72:Src/usart.c   ****     HAL_GPIO_Init(GPIOC, &GPIO_InitStruct);
 215              		.loc 1 72 5 is_stmt 1 view .LVU58
  72:Src/usart.c   ****     HAL_GPIO_Init(GPIOC, &GPIO_InitStruct);
 216              		.loc 1 72 31 is_stmt 0 view .LVU59
 217 007e 0826     		movs	r6, #8
 218 0080 0796     		str	r6, [sp, #28]
  73:Src/usart.c   **** 
 219              		.loc 1 73 5 is_stmt 1 view .LVU60
 220 0082 03A9     		add	r1, sp, #12
 221 0084 2648     		ldr	r0, .L15+4
 222              	.LVL5:
  73:Src/usart.c   **** 
 223              		.loc 1 73 5 is_stmt 0 view .LVU61
 224 0086 FFF7FEFF 		bl	HAL_GPIO_Init
 225              	.LVL6:
  75:Src/usart.c   ****     GPIO_InitStruct.Mode = GPIO_MODE_AF_PP;
 226              		.loc 1 75 5 is_stmt 1 view .LVU62
  75:Src/usart.c   ****     GPIO_InitStruct.Mode = GPIO_MODE_AF_PP;
 227              		.loc 1 75 25 is_stmt 0 view .LVU63
 228 008a 0423     		movs	r3, #4
 229 008c 0393     		str	r3, [sp, #12]
  76:Src/usart.c   ****     GPIO_InitStruct.Pull = GPIO_PULLUP;
 230              		.loc 1 76 5 is_stmt 1 view .LVU64
  76:Src/usart.c   ****     GPIO_InitStruct.Pull = GPIO_PULLUP;
 231              		.loc 1 76 26 is_stmt 0 view .LVU65
 232 008e CDF81090 		str	r9, [sp, #16]
  77:Src/usart.c   ****     GPIO_InitStruct.Speed = GPIO_SPEED_FREQ_VERY_HIGH;
 233              		.loc 1 77 5 is_stmt 1 view .LVU66
  77:Src/usart.c   ****     GPIO_InitStruct.Speed = GPIO_SPEED_FREQ_VERY_HIGH;
 234              		.loc 1 77 26 is_stmt 0 view .LVU67
 235 0092 CDF81480 		str	r8, [sp, #20]
  78:Src/usart.c   ****     GPIO_InitStruct.Alternate = GPIO_AF8_UART5;
 236              		.loc 1 78 5 is_stmt 1 view .LVU68
  78:Src/usart.c   ****     GPIO_InitStruct.Alternate = GPIO_AF8_UART5;
 237              		.loc 1 78 27 is_stmt 0 view .LVU69
ARM GAS  C:\Users\ncer\AppData\Local\Temp\ccHEHHzm.s 			page 8


 238 0096 0697     		str	r7, [sp, #24]
  79:Src/usart.c   ****     HAL_GPIO_Init(GPIOD, &GPIO_InitStruct);
 239              		.loc 1 79 5 is_stmt 1 view .LVU70
  79:Src/usart.c   ****     HAL_GPIO_Init(GPIOD, &GPIO_InitStruct);
 240              		.loc 1 79 31 is_stmt 0 view .LVU71
 241 0098 0796     		str	r6, [sp, #28]
  80:Src/usart.c   **** 
 242              		.loc 1 80 5 is_stmt 1 view .LVU72
 243 009a 03A9     		add	r1, sp, #12
 244 009c 2148     		ldr	r0, .L15+8
 245 009e FFF7FEFF 		bl	HAL_GPIO_Init
 246              	.LVL7:
  84:Src/usart.c   ****     hdma_uart5_rx.Init.Channel = DMA_CHANNEL_4;
 247              		.loc 1 84 5 view .LVU73
  84:Src/usart.c   ****     hdma_uart5_rx.Init.Channel = DMA_CHANNEL_4;
 248              		.loc 1 84 28 is_stmt 0 view .LVU74
 249 00a2 2148     		ldr	r0, .L15+12
 250 00a4 214B     		ldr	r3, .L15+16
 251 00a6 0360     		str	r3, [r0]
  85:Src/usart.c   ****     hdma_uart5_rx.Init.Direction = DMA_PERIPH_TO_MEMORY;
 252              		.loc 1 85 5 is_stmt 1 view .LVU75
  85:Src/usart.c   ****     hdma_uart5_rx.Init.Direction = DMA_PERIPH_TO_MEMORY;
 253              		.loc 1 85 32 is_stmt 0 view .LVU76
 254 00a8 4FF00063 		mov	r3, #134217728
 255 00ac 4360     		str	r3, [r0, #4]
  86:Src/usart.c   ****     hdma_uart5_rx.Init.PeriphInc = DMA_PINC_DISABLE;
 256              		.loc 1 86 5 is_stmt 1 view .LVU77
  86:Src/usart.c   ****     hdma_uart5_rx.Init.PeriphInc = DMA_PINC_DISABLE;
 257              		.loc 1 86 34 is_stmt 0 view .LVU78
 258 00ae 8560     		str	r5, [r0, #8]
  87:Src/usart.c   ****     hdma_uart5_rx.Init.MemInc = DMA_MINC_ENABLE;
 259              		.loc 1 87 5 is_stmt 1 view .LVU79
  87:Src/usart.c   ****     hdma_uart5_rx.Init.MemInc = DMA_MINC_ENABLE;
 260              		.loc 1 87 34 is_stmt 0 view .LVU80
 261 00b0 C560     		str	r5, [r0, #12]
  88:Src/usart.c   ****     hdma_uart5_rx.Init.PeriphDataAlignment = DMA_PDATAALIGN_BYTE;
 262              		.loc 1 88 5 is_stmt 1 view .LVU81
  88:Src/usart.c   ****     hdma_uart5_rx.Init.PeriphDataAlignment = DMA_PDATAALIGN_BYTE;
 263              		.loc 1 88 31 is_stmt 0 view .LVU82
 264 00b2 4FF48063 		mov	r3, #1024
 265 00b6 0361     		str	r3, [r0, #16]
  89:Src/usart.c   ****     hdma_uart5_rx.Init.MemDataAlignment = DMA_MDATAALIGN_BYTE;
 266              		.loc 1 89 5 is_stmt 1 view .LVU83
  89:Src/usart.c   ****     hdma_uart5_rx.Init.MemDataAlignment = DMA_MDATAALIGN_BYTE;
 267              		.loc 1 89 44 is_stmt 0 view .LVU84
 268 00b8 4561     		str	r5, [r0, #20]
  90:Src/usart.c   ****     hdma_uart5_rx.Init.Mode = DMA_NORMAL;
 269              		.loc 1 90 5 is_stmt 1 view .LVU85
  90:Src/usart.c   ****     hdma_uart5_rx.Init.Mode = DMA_NORMAL;
 270              		.loc 1 90 41 is_stmt 0 view .LVU86
 271 00ba 8561     		str	r5, [r0, #24]
  91:Src/usart.c   ****     hdma_uart5_rx.Init.Priority = DMA_PRIORITY_LOW;
 272              		.loc 1 91 5 is_stmt 1 view .LVU87
  91:Src/usart.c   ****     hdma_uart5_rx.Init.Priority = DMA_PRIORITY_LOW;
 273              		.loc 1 91 29 is_stmt 0 view .LVU88
 274 00bc C561     		str	r5, [r0, #28]
  92:Src/usart.c   ****     hdma_uart5_rx.Init.FIFOMode = DMA_FIFOMODE_DISABLE;
ARM GAS  C:\Users\ncer\AppData\Local\Temp\ccHEHHzm.s 			page 9


 275              		.loc 1 92 5 is_stmt 1 view .LVU89
  92:Src/usart.c   ****     hdma_uart5_rx.Init.FIFOMode = DMA_FIFOMODE_DISABLE;
 276              		.loc 1 92 33 is_stmt 0 view .LVU90
 277 00be 0562     		str	r5, [r0, #32]
  93:Src/usart.c   ****     if (HAL_DMA_Init(&hdma_uart5_rx) != HAL_OK)
 278              		.loc 1 93 5 is_stmt 1 view .LVU91
  93:Src/usart.c   ****     if (HAL_DMA_Init(&hdma_uart5_rx) != HAL_OK)
 279              		.loc 1 93 33 is_stmt 0 view .LVU92
 280 00c0 4562     		str	r5, [r0, #36]
  94:Src/usart.c   ****     {
 281              		.loc 1 94 5 is_stmt 1 view .LVU93
  94:Src/usart.c   ****     {
 282              		.loc 1 94 9 is_stmt 0 view .LVU94
 283 00c2 FFF7FEFF 		bl	HAL_DMA_Init
 284              	.LVL8:
  94:Src/usart.c   ****     {
 285              		.loc 1 94 8 view .LVU95
 286 00c6 18BB     		cbnz	r0, .L13
 287              	.L9:
  99:Src/usart.c   **** 
 288              		.loc 1 99 5 is_stmt 1 view .LVU96
  99:Src/usart.c   **** 
 289              		.loc 1 99 5 view .LVU97
 290 00c8 174B     		ldr	r3, .L15+12
 291 00ca 6363     		str	r3, [r4, #52]
  99:Src/usart.c   **** 
 292              		.loc 1 99 5 view .LVU98
 293 00cc 9C63     		str	r4, [r3, #56]
  99:Src/usart.c   **** 
 294              		.loc 1 99 5 view .LVU99
 102:Src/usart.c   ****     hdma_uart5_tx.Init.Channel = DMA_CHANNEL_4;
 295              		.loc 1 102 5 view .LVU100
 102:Src/usart.c   ****     hdma_uart5_tx.Init.Channel = DMA_CHANNEL_4;
 296              		.loc 1 102 28 is_stmt 0 view .LVU101
 297 00ce 1848     		ldr	r0, .L15+20
 298 00d0 184B     		ldr	r3, .L15+24
 299 00d2 0360     		str	r3, [r0]
 103:Src/usart.c   ****     hdma_uart5_tx.Init.Direction = DMA_MEMORY_TO_PERIPH;
 300              		.loc 1 103 5 is_stmt 1 view .LVU102
 103:Src/usart.c   ****     hdma_uart5_tx.Init.Direction = DMA_MEMORY_TO_PERIPH;
 301              		.loc 1 103 32 is_stmt 0 view .LVU103
 302 00d4 4FF00063 		mov	r3, #134217728
 303 00d8 4360     		str	r3, [r0, #4]
 104:Src/usart.c   ****     hdma_uart5_tx.Init.PeriphInc = DMA_PINC_DISABLE;
 304              		.loc 1 104 5 is_stmt 1 view .LVU104
 104:Src/usart.c   ****     hdma_uart5_tx.Init.PeriphInc = DMA_PINC_DISABLE;
 305              		.loc 1 104 34 is_stmt 0 view .LVU105
 306 00da 4023     		movs	r3, #64
 307 00dc 8360     		str	r3, [r0, #8]
 105:Src/usart.c   ****     hdma_uart5_tx.Init.MemInc = DMA_MINC_ENABLE;
 308              		.loc 1 105 5 is_stmt 1 view .LVU106
 105:Src/usart.c   ****     hdma_uart5_tx.Init.MemInc = DMA_MINC_ENABLE;
 309              		.loc 1 105 34 is_stmt 0 view .LVU107
 310 00de 0023     		movs	r3, #0
 311 00e0 C360     		str	r3, [r0, #12]
 106:Src/usart.c   ****     hdma_uart5_tx.Init.PeriphDataAlignment = DMA_PDATAALIGN_BYTE;
 312              		.loc 1 106 5 is_stmt 1 view .LVU108
ARM GAS  C:\Users\ncer\AppData\Local\Temp\ccHEHHzm.s 			page 10


 106:Src/usart.c   ****     hdma_uart5_tx.Init.PeriphDataAlignment = DMA_PDATAALIGN_BYTE;
 313              		.loc 1 106 31 is_stmt 0 view .LVU109
 314 00e2 4FF48062 		mov	r2, #1024
 315 00e6 0261     		str	r2, [r0, #16]
 107:Src/usart.c   ****     hdma_uart5_tx.Init.MemDataAlignment = DMA_MDATAALIGN_BYTE;
 316              		.loc 1 107 5 is_stmt 1 view .LVU110
 107:Src/usart.c   ****     hdma_uart5_tx.Init.MemDataAlignment = DMA_MDATAALIGN_BYTE;
 317              		.loc 1 107 44 is_stmt 0 view .LVU111
 318 00e8 4361     		str	r3, [r0, #20]
 108:Src/usart.c   ****     hdma_uart5_tx.Init.Mode = DMA_NORMAL;
 319              		.loc 1 108 5 is_stmt 1 view .LVU112
 108:Src/usart.c   ****     hdma_uart5_tx.Init.Mode = DMA_NORMAL;
 320              		.loc 1 108 41 is_stmt 0 view .LVU113
 321 00ea 8361     		str	r3, [r0, #24]
 109:Src/usart.c   ****     hdma_uart5_tx.Init.Priority = DMA_PRIORITY_LOW;
 322              		.loc 1 109 5 is_stmt 1 view .LVU114
 109:Src/usart.c   ****     hdma_uart5_tx.Init.Priority = DMA_PRIORITY_LOW;
 323              		.loc 1 109 29 is_stmt 0 view .LVU115
 324 00ec C361     		str	r3, [r0, #28]
 110:Src/usart.c   ****     hdma_uart5_tx.Init.FIFOMode = DMA_FIFOMODE_DISABLE;
 325              		.loc 1 110 5 is_stmt 1 view .LVU116
 110:Src/usart.c   ****     hdma_uart5_tx.Init.FIFOMode = DMA_FIFOMODE_DISABLE;
 326              		.loc 1 110 33 is_stmt 0 view .LVU117
 327 00ee 0362     		str	r3, [r0, #32]
 111:Src/usart.c   ****     if (HAL_DMA_Init(&hdma_uart5_tx) != HAL_OK)
 328              		.loc 1 111 5 is_stmt 1 view .LVU118
 111:Src/usart.c   ****     if (HAL_DMA_Init(&hdma_uart5_tx) != HAL_OK)
 329              		.loc 1 111 33 is_stmt 0 view .LVU119
 330 00f0 4362     		str	r3, [r0, #36]
 112:Src/usart.c   ****     {
 331              		.loc 1 112 5 is_stmt 1 view .LVU120
 112:Src/usart.c   ****     {
 332              		.loc 1 112 9 is_stmt 0 view .LVU121
 333 00f2 FFF7FEFF 		bl	HAL_DMA_Init
 334              	.LVL9:
 112:Src/usart.c   ****     {
 335              		.loc 1 112 8 view .LVU122
 336 00f6 70B9     		cbnz	r0, .L14
 337              	.L10:
 117:Src/usart.c   **** 
 338              		.loc 1 117 5 is_stmt 1 view .LVU123
 117:Src/usart.c   **** 
 339              		.loc 1 117 5 view .LVU124
 340 00f8 0D4B     		ldr	r3, .L15+20
 341 00fa 2363     		str	r3, [r4, #48]
 117:Src/usart.c   **** 
 342              		.loc 1 117 5 view .LVU125
 343 00fc 9C63     		str	r4, [r3, #56]
 117:Src/usart.c   **** 
 344              		.loc 1 117 5 view .LVU126
 120:Src/usart.c   ****     HAL_NVIC_EnableIRQ(UART5_IRQn);
 345              		.loc 1 120 5 view .LVU127
 346 00fe 0022     		movs	r2, #0
 347 0100 0221     		movs	r1, #2
 348 0102 3520     		movs	r0, #53
 349 0104 FFF7FEFF 		bl	HAL_NVIC_SetPriority
 350              	.LVL10:
ARM GAS  C:\Users\ncer\AppData\Local\Temp\ccHEHHzm.s 			page 11


 121:Src/usart.c   ****   /* USER CODE BEGIN UART5_MspInit 1 */
 351              		.loc 1 121 5 view .LVU128
 352 0108 3520     		movs	r0, #53
 353 010a FFF7FEFF 		bl	HAL_NVIC_EnableIRQ
 354              	.LVL11:
 355              		.loc 1 126 1 is_stmt 0 view .LVU129
 356 010e 84E7     		b	.L7
 357              	.L13:
  96:Src/usart.c   ****     }
 358              		.loc 1 96 7 is_stmt 1 view .LVU130
 359 0110 FFF7FEFF 		bl	Error_Handler
 360              	.LVL12:
 361 0114 D8E7     		b	.L9
 362              	.L14:
 114:Src/usart.c   ****     }
 363              		.loc 1 114 7 view .LVU131
 364 0116 FFF7FEFF 		bl	Error_Handler
 365              	.LVL13:
 366 011a EDE7     		b	.L10
 367              	.L16:
 368              		.align	2
 369              	.L15:
 370 011c 00500040 		.word	1073762304
 371 0120 00080240 		.word	1073874944
 372 0124 000C0240 		.word	1073875968
 373 0128 00000000 		.word	hdma_uart5_rx
 374 012c 10600240 		.word	1073897488
 375 0130 00000000 		.word	hdma_uart5_tx
 376 0134 B8600240 		.word	1073897656
 377              		.cfi_endproc
 378              	.LFE131:
 380              		.section	.text.HAL_UART_MspDeInit,"ax",%progbits
 381              		.align	1
 382              		.global	HAL_UART_MspDeInit
 383              		.syntax unified
 384              		.thumb
 385              		.thumb_func
 386              		.fpu fpv4-sp-d16
 388              	HAL_UART_MspDeInit:
 389              	.LVL14:
 390              	.LFB132:
 127:Src/usart.c   **** 
 128:Src/usart.c   **** void HAL_UART_MspDeInit(UART_HandleTypeDef* uartHandle)
 129:Src/usart.c   **** {
 391              		.loc 1 129 1 view -0
 392              		.cfi_startproc
 393              		@ args = 0, pretend = 0, frame = 0
 394              		@ frame_needed = 0, uses_anonymous_args = 0
 130:Src/usart.c   **** 
 131:Src/usart.c   ****   if(uartHandle->Instance==UART5)
 395              		.loc 1 131 3 view .LVU133
 396              		.loc 1 131 16 is_stmt 0 view .LVU134
 397 0000 0268     		ldr	r2, [r0]
 398              		.loc 1 131 5 view .LVU135
 399 0002 0F4B     		ldr	r3, .L24
 400 0004 9A42     		cmp	r2, r3
 401 0006 00D0     		beq	.L23
ARM GAS  C:\Users\ncer\AppData\Local\Temp\ccHEHHzm.s 			page 12


 402 0008 7047     		bx	lr
 403              	.L23:
 129:Src/usart.c   **** 
 404              		.loc 1 129 1 view .LVU136
 405 000a 10B5     		push	{r4, lr}
 406              	.LCFI5:
 407              		.cfi_def_cfa_offset 8
 408              		.cfi_offset 4, -8
 409              		.cfi_offset 14, -4
 410 000c 0446     		mov	r4, r0
 132:Src/usart.c   ****   {
 133:Src/usart.c   ****   /* USER CODE BEGIN UART5_MspDeInit 0 */
 134:Src/usart.c   **** 
 135:Src/usart.c   ****   /* USER CODE END UART5_MspDeInit 0 */
 136:Src/usart.c   ****     /* Peripheral clock disable */
 137:Src/usart.c   ****     __HAL_RCC_UART5_CLK_DISABLE();
 411              		.loc 1 137 5 is_stmt 1 view .LVU137
 412 000e 0D4A     		ldr	r2, .L24+4
 413 0010 136C     		ldr	r3, [r2, #64]
 414 0012 23F48013 		bic	r3, r3, #1048576
 415 0016 1364     		str	r3, [r2, #64]
 138:Src/usart.c   ****   
 139:Src/usart.c   ****     /**UART5 GPIO Configuration    
 140:Src/usart.c   ****     PC12     ------> UART5_TX
 141:Src/usart.c   ****     PD2     ------> UART5_RX 
 142:Src/usart.c   ****     */
 143:Src/usart.c   ****     HAL_GPIO_DeInit(GPIOC, GPIO_PIN_12);
 416              		.loc 1 143 5 view .LVU138
 417 0018 4FF48051 		mov	r1, #4096
 418 001c 0A48     		ldr	r0, .L24+8
 419              	.LVL15:
 420              		.loc 1 143 5 is_stmt 0 view .LVU139
 421 001e FFF7FEFF 		bl	HAL_GPIO_DeInit
 422              	.LVL16:
 144:Src/usart.c   **** 
 145:Src/usart.c   ****     HAL_GPIO_DeInit(GPIOD, GPIO_PIN_2);
 423              		.loc 1 145 5 is_stmt 1 view .LVU140
 424 0022 0421     		movs	r1, #4
 425 0024 0948     		ldr	r0, .L24+12
 426 0026 FFF7FEFF 		bl	HAL_GPIO_DeInit
 427              	.LVL17:
 146:Src/usart.c   **** 
 147:Src/usart.c   ****     /* UART5 DMA DeInit */
 148:Src/usart.c   ****     HAL_DMA_DeInit(uartHandle->hdmarx);
 428              		.loc 1 148 5 view .LVU141
 429 002a 606B     		ldr	r0, [r4, #52]
 430 002c FFF7FEFF 		bl	HAL_DMA_DeInit
 431              	.LVL18:
 149:Src/usart.c   ****     HAL_DMA_DeInit(uartHandle->hdmatx);
 432              		.loc 1 149 5 view .LVU142
 433 0030 206B     		ldr	r0, [r4, #48]
 434 0032 FFF7FEFF 		bl	HAL_DMA_DeInit
 435              	.LVL19:
 150:Src/usart.c   **** 
 151:Src/usart.c   ****     /* UART5 interrupt Deinit */
 152:Src/usart.c   ****     HAL_NVIC_DisableIRQ(UART5_IRQn);
 436              		.loc 1 152 5 view .LVU143
ARM GAS  C:\Users\ncer\AppData\Local\Temp\ccHEHHzm.s 			page 13


 437 0036 3520     		movs	r0, #53
 438 0038 FFF7FEFF 		bl	HAL_NVIC_DisableIRQ
 439              	.LVL20:
 153:Src/usart.c   ****   /* USER CODE BEGIN UART5_MspDeInit 1 */
 154:Src/usart.c   **** 
 155:Src/usart.c   ****   /* USER CODE END UART5_MspDeInit 1 */
 156:Src/usart.c   ****   }
 157:Src/usart.c   **** } 
 440              		.loc 1 157 1 is_stmt 0 view .LVU144
 441 003c 10BD     		pop	{r4, pc}
 442              	.LVL21:
 443              	.L25:
 444              		.loc 1 157 1 view .LVU145
 445 003e 00BF     		.align	2
 446              	.L24:
 447 0040 00500040 		.word	1073762304
 448 0044 00380240 		.word	1073887232
 449 0048 00080240 		.word	1073874944
 450 004c 000C0240 		.word	1073875968
 451              		.cfi_endproc
 452              	.LFE132:
 454              		.comm	hdma_uart5_tx,96,4
 455              		.comm	hdma_uart5_rx,96,4
 456              		.comm	huart5,64,4
 457              		.text
 458              	.Letext0:
 459              		.file 2 "c:\\arm_gcc\\arm-none-eabi\\include\\machine\\_default_types.h"
 460              		.file 3 "c:\\arm_gcc\\arm-none-eabi\\include\\sys\\_stdint.h"
 461              		.file 4 "Drivers/CMSIS/Include/core_cm4.h"
 462              		.file 5 "Drivers/CMSIS/Device/ST/STM32F4xx/Include/system_stm32f4xx.h"
 463              		.file 6 "Drivers/CMSIS/Device/ST/STM32F4xx/Include/stm32f405xx.h"
 464              		.file 7 "Drivers/STM32F4xx_HAL_Driver/Inc/stm32f4xx_hal_def.h"
 465              		.file 8 "Drivers/STM32F4xx_HAL_Driver/Inc/stm32f4xx_hal_gpio.h"
 466              		.file 9 "Drivers/STM32F4xx_HAL_Driver/Inc/stm32f4xx_hal_dma.h"
 467              		.file 10 "Drivers/STM32F4xx_HAL_Driver/Inc/stm32f4xx_hal_uart.h"
 468              		.file 11 "Drivers/STM32F4xx_HAL_Driver/Inc/stm32f4xx_hal.h"
 469              		.file 12 "Inc/usart.h"
 470              		.file 13 "Drivers/STM32F4xx_HAL_Driver/Inc/stm32f4xx_hal_cortex.h"
 471              		.file 14 "Inc/main.h"
ARM GAS  C:\Users\ncer\AppData\Local\Temp\ccHEHHzm.s 			page 14


DEFINED SYMBOLS
                            *ABS*:00000000 usart.c
C:\Users\ncer\AppData\Local\Temp\ccHEHHzm.s:18     .text.MX_UART5_Init:00000000 $t
C:\Users\ncer\AppData\Local\Temp\ccHEHHzm.s:26     .text.MX_UART5_Init:00000000 MX_UART5_Init
C:\Users\ncer\AppData\Local\Temp\ccHEHHzm.s:85     .text.MX_UART5_Init:0000002c $d
                            *COM*:00000040 huart5
C:\Users\ncer\AppData\Local\Temp\ccHEHHzm.s:91     .text.HAL_UART_MspInit:00000000 $t
C:\Users\ncer\AppData\Local\Temp\ccHEHHzm.s:98     .text.HAL_UART_MspInit:00000000 HAL_UART_MspInit
C:\Users\ncer\AppData\Local\Temp\ccHEHHzm.s:370    .text.HAL_UART_MspInit:0000011c $d
                            *COM*:00000060 hdma_uart5_rx
                            *COM*:00000060 hdma_uart5_tx
C:\Users\ncer\AppData\Local\Temp\ccHEHHzm.s:381    .text.HAL_UART_MspDeInit:00000000 $t
C:\Users\ncer\AppData\Local\Temp\ccHEHHzm.s:388    .text.HAL_UART_MspDeInit:00000000 HAL_UART_MspDeInit
C:\Users\ncer\AppData\Local\Temp\ccHEHHzm.s:447    .text.HAL_UART_MspDeInit:00000040 $d

UNDEFINED SYMBOLS
HAL_UART_Init
Error_Handler
HAL_GPIO_Init
HAL_DMA_Init
HAL_NVIC_SetPriority
HAL_NVIC_EnableIRQ
HAL_GPIO_DeInit
HAL_DMA_DeInit
HAL_NVIC_DisableIRQ
