ARM GAS  C:\Users\ncer\AppData\Local\Temp\ccQzohmb.s 			page 1


   1              		.cpu cortex-m4
   2              		.eabi_attribute 27, 1
   3              		.eabi_attribute 28, 1
   4              		.eabi_attribute 20, 1
   5              		.eabi_attribute 21, 1
   6              		.eabi_attribute 23, 3
   7              		.eabi_attribute 24, 1
   8              		.eabi_attribute 25, 1
   9              		.eabi_attribute 26, 1
  10              		.eabi_attribute 30, 1
  11              		.eabi_attribute 34, 1
  12              		.eabi_attribute 18, 4
  13              		.file	"utils.c"
  14              		.text
  15              	.Ltext0:
  16              		.cfi_sections	.debug_frame
  17              		.global	wg2
  18              		.global	wg1
  19              		.section	.data.wg1,"aw"
  20              		.align	2
  23              	wg1:
  24 0000 00       		.byte	0
  25 0001 000000   		.space	3
  26 0004 00000000 		.word	Position_Degree
  27 0008 00000000 		.word	Position_Phase_Degree
  28 000c 00000000 		.word	Speed
  29 0010 00000000 		.word	iq
  30              		.section	.data.wg2,"aw"
  31              		.align	2
  34              	wg2:
  35 0000 01       		.byte	1
  36 0001 000000   		.space	3
  37 0004 00000000 		.word	current
  38 0008 04000000 		.word	current+4
  39 000c 00000000 		.word	ialpha
  40 0010 00000000 		.word	ibeta
  41              		.text
  42              	.Letext0:
  43              		.file 1 "c:\\arm_gcc\\arm-none-eabi\\include\\machine\\_default_types.h"
  44              		.file 2 "c:\\arm_gcc\\arm-none-eabi\\include\\sys\\_stdint.h"
  45              		.file 3 "Drivers/CMSIS/Include/core_cm4.h"
  46              		.file 4 "Drivers/CMSIS/Device/ST/STM32F4xx/Include/system_stm32f4xx.h"
  47              		.file 5 "Drivers/CMSIS/Device/ST/STM32F4xx/Include/stm32f405xx.h"
  48              		.file 6 "Drivers/STM32F4xx_HAL_Driver/Inc/stm32f4xx_hal_def.h"
  49              		.file 7 "Drivers/STM32F4xx_HAL_Driver/Inc/stm32f4xx_hal_dma.h"
  50              		.file 8 "Drivers/STM32F4xx_HAL_Driver/Inc/stm32f4xx_hal_tim.h"
  51              		.file 9 "Drivers/STM32F4xx_HAL_Driver/Inc/stm32f4xx_hal.h"
  52              		.file 10 "Inc/tim.h"
  53              		.file 11 "Src/SVPWM.h"
  54              		.file 12 "mylib/pid.h"
  55              		.file 13 "Src/foc.h"
  56              		.file 14 "mylib/debug_utils.h"
  57              		.file 15 "Inc/utils.h"
  58              		.file 16 "Src/utils.c"
ARM GAS  C:\Users\ncer\AppData\Local\Temp\ccQzohmb.s 			page 2


DEFINED SYMBOLS
                            *ABS*:00000000 utils.c
C:\Users\ncer\AppData\Local\Temp\ccQzohmb.s:34     .data.wg2:00000000 wg2
C:\Users\ncer\AppData\Local\Temp\ccQzohmb.s:23     .data.wg1:00000000 wg1
C:\Users\ncer\AppData\Local\Temp\ccQzohmb.s:20     .data.wg1:00000000 $d
C:\Users\ncer\AppData\Local\Temp\ccQzohmb.s:31     .data.wg2:00000000 $d

UNDEFINED SYMBOLS
Position_Degree
Position_Phase_Degree
Speed
iq
current
ialpha
ibeta
